<?xml version="1.0" encoding="UTF-8"?>
<!-- Generated by org.testng.reporters.JUnitXMLReporter -->
<testsuite hostname="LAPTOP-LI26C2BG" ignored="4" name="Test" tests="7" failures="6" timestamp="31 Jul 2022 14:35:18 GMT" time="5.191" errors="0">
  <testcase name="contactFill" time="0.697" classname="automationScripts.ContactPageTestCase1"/>
  <testcase name="contactMandatoryFill" time="0.001" classname="automationScripts.ContactPageTestCase2">
    <failure type="java.lang.NullPointerException">
      <![CDATA[java.lang.NullPointerException
	at objectRepository.HomePageObj.contactLink(HomePageObj.java:21)
	at automationScripts.ContactPageTestCase2.contactMandatoryFill(ContactPageTestCase2.java:36)
... Removed 25 stack frames]]>
    </failure>
  </testcase> <!-- contactMandatoryFill -->
  <testcase name="contactMandatoryFill" time="0.001" classname="automationScripts.ContactPageTestCase2">
    <failure type="java.lang.NullPointerException">
      <![CDATA[java.lang.NullPointerException
	at objectRepository.HomePageObj.contactLink(HomePageObj.java:21)
	at automationScripts.ContactPageTestCase2.contactMandatoryFill(ContactPageTestCase2.java:36)
... Removed 25 stack frames]]>
    </failure>
  </testcase> <!-- contactMandatoryFill -->
  <testcase name="contactMandatoryFill" time="0.002" classname="automationScripts.ContactPageTestCase2">
    <failure type="java.lang.NullPointerException">
      <![CDATA[java.lang.NullPointerException
	at objectRepository.HomePageObj.contactLink(HomePageObj.java:21)
	at automationScripts.ContactPageTestCase2.contactMandatoryFill(ContactPageTestCase2.java:36)
... Removed 25 stack frames]]>
    </failure>
  </testcase> <!-- contactMandatoryFill -->
  <testcase name="contactMandatoryFill" time="0.0" classname="automationScripts.ContactPageTestCase2">
    <failure type="java.lang.NullPointerException">
      <![CDATA[java.lang.NullPointerException
	at objectRepository.HomePageObj.contactLink(HomePageObj.java:21)
	at automationScripts.ContactPageTestCase2.contactMandatoryFill(ContactPageTestCase2.java:36)
... Removed 25 stack frames]]>
    </failure>
  </testcase> <!-- contactMandatoryFill -->
  <testcase name="contactMandatoryFill" time="0.001" classname="automationScripts.ContactPageTestCase2">
    <failure type="java.lang.NullPointerException">
      <![CDATA[java.lang.NullPointerException
	at objectRepository.HomePageObj.contactLink(HomePageObj.java:21)
	at automationScripts.ContactPageTestCase2.contactMandatoryFill(ContactPageTestCase2.java:36)
... Removed 25 stack frames]]>
    </failure>
  </testcase> <!-- contactMandatoryFill -->
  <testcase name="shoppingCart" time="0.001" classname="automationScripts.CartPageTestCase3">
    <failure type="java.lang.NullPointerException">
      <![CDATA[java.lang.NullPointerException
	at objectRepository.HomePageObj.shoppingBtn(HomePageObj.java:26)
	at automationScripts.CartPageTestCase3.shoppingCart(CartPageTestCase3.java:50)
... Removed 25 stack frames]]>
    </failure>
  </testcase> <!-- shoppingCart -->
  <testcase name="@AfterTest tearDown" time="0.0" classname="automationScripts.Setup">
    <ignored/>
  </testcase> <!-- @AfterTest tearDown -->
  <testcase name="@AfterTest tearDown" time="0.0" classname="automationScripts.Setup">
    <ignored/>
  </testcase> <!-- @AfterTest tearDown -->
  <testcase name="@BeforeTest setUp" time="0.0" classname="automationScripts.Setup">
    <ignored/>
  </testcase> <!-- @BeforeTest setUp -->
  <testcase name="@BeforeTest setUp" time="0.0" classname="automationScripts.Setup">
    <ignored/>
  </testcase> <!-- @BeforeTest setUp -->
</testsuite> <!-- Test -->
