<?xml version="1.0" encoding="UTF-8"?>
<!-- Generated by org.testng.reporters.JUnitXMLReporter -->
<testsuite hostname="LAPTOP-LI26C2BG" ignored="0" name="TestCase2" tests="5" failures="0" timestamp="31 Jul 2022 14:45:25 GMT" time="42.733" errors="0">
  <testcase name="contactMandatoryFill" time="9.307" classname="automationScripts.ContactPageTestCase2"/>
  <testcase name="contactMandatoryFill" time="13.6" classname="automationScripts.ContactPageTestCase2"/>
  <testcase name="contactMandatoryFill" time="2.78" classname="automationScripts.ContactPageTestCase2"/>
  <testcase name="contactMandatoryFill" time="6.848" classname="automationScripts.ContactPageTestCase2"/>
  <testcase name="contactMandatoryFill" time="7.109" classname="automationScripts.ContactPageTestCase2"/>
</testsuite> <!-- TestCase2 -->
