<?xml version="1.0" encoding="UTF-8"?>
<!-- Generated by org.testng.reporters.JUnitXMLReporter -->
<testsuite hostname="LAPTOP-LI26C2BG" ignored="0" name="TestCase2" tests="5" failures="0" timestamp="31 Jul 2022 23:35:04 GMT" time="23.162" errors="0">
  <testcase name="contactMandatoryFill" time="4.858" classname="automationScripts.ContactPageTestCase2"/>
  <testcase name="contactMandatoryFill" time="2.068" classname="automationScripts.ContactPageTestCase2"/>
  <testcase name="contactMandatoryFill" time="7.33" classname="automationScripts.ContactPageTestCase2"/>
  <testcase name="contactMandatoryFill" time="2.1" classname="automationScripts.ContactPageTestCase2"/>
  <testcase name="contactMandatoryFill" time="3.325" classname="automationScripts.ContactPageTestCase2"/>
</testsuite> <!-- TestCase2 -->
