<?xml version="1.0" encoding="UTF-8"?>
<testng-results skipped="0" failed="0" ignored="0" total="7" passed="7">
  <reporter-output>
  </reporter-output>
  <suite name="Suite" duration-ms="58223" started-at="2022-07-31T14:44:37Z" finished-at="2022-07-31T14:45:35Z">
    <groups>
    </groups>
    <test name="TestCase1" duration-ms="5411" started-at="2022-07-31T14:44:37Z" finished-at="2022-07-31T14:44:43Z">
      <class name="automationScripts.ContactPageTestCase1">
        <test-method status="PASS" signature="setUp()[pri:0, instance:automationScripts.ContactPageTestCase1@13deb50e]" name="setUp" is-config="true" duration-ms="4645" started-at="2022-08-01T00:44:37Z" finished-at="2022-08-01T00:44:42Z">
          <reporter-output>
          </reporter-output>
        </test-method> <!-- setUp -->
        <test-method status="PASS" signature="contactFill()[pri:0, instance:automationScripts.ContactPageTestCase1@13deb50e]" name="contactFill" duration-ms="678" started-at="2022-08-01T00:44:42Z" finished-at="2022-08-01T00:44:42Z">
          <reporter-output>
          </reporter-output>
        </test-method> <!-- contactFill -->
        <test-method status="PASS" signature="tearDown()[pri:0, instance:automationScripts.ContactPageTestCase1@13deb50e]" name="tearDown" is-config="true" duration-ms="72" started-at="2022-08-01T00:44:42Z" finished-at="2022-08-01T00:44:43Z">
          <reporter-output>
          </reporter-output>
        </test-method> <!-- tearDown -->
      </class> <!-- automationScripts.ContactPageTestCase1 -->
    </test> <!-- TestCase1 -->
    <test name="TestCase2" duration-ms="42733" started-at="2022-07-31T14:44:43Z" finished-at="2022-07-31T14:45:25Z">
      <class name="automationScripts.ContactPageTestCase2">
        <test-method status="PASS" signature="setUp()[pri:0, instance:automationScripts.ContactPageTestCase2@59494225]" name="setUp" is-config="true" duration-ms="2999" started-at="2022-08-01T00:44:43Z" finished-at="2022-08-01T00:44:46Z">
          <reporter-output>
          </reporter-output>
        </test-method> <!-- setUp -->
        <test-method status="PASS" signature="objectCreate()[pri:0, instance:automationScripts.ContactPageTestCase2@59494225]" name="objectCreate" is-config="true" duration-ms="1" started-at="2022-08-01T00:44:46Z" finished-at="2022-08-01T00:44:46Z">
          <reporter-output>
          </reporter-output>
        </test-method> <!-- objectCreate -->
        <test-method status="PASS" signature="contactMandatoryFill()[pri:0, instance:automationScripts.ContactPageTestCase2@59494225]" name="contactMandatoryFill" duration-ms="9307" started-at="2022-08-01T00:44:46Z" finished-at="2022-08-01T00:44:55Z">
          <reporter-output>
          </reporter-output>
        </test-method> <!-- contactMandatoryFill -->
        <test-method status="PASS" signature="contactMandatoryFill()[pri:0, instance:automationScripts.ContactPageTestCase2@59494225]" name="contactMandatoryFill" duration-ms="13600" started-at="2022-08-01T00:44:55Z" finished-at="2022-08-01T00:45:08Z">
          <reporter-output>
          </reporter-output>
        </test-method> <!-- contactMandatoryFill -->
        <test-method status="PASS" signature="contactMandatoryFill()[pri:0, instance:automationScripts.ContactPageTestCase2@59494225]" name="contactMandatoryFill" duration-ms="2780" started-at="2022-08-01T00:45:08Z" finished-at="2022-08-01T00:45:11Z">
          <reporter-output>
          </reporter-output>
        </test-method> <!-- contactMandatoryFill -->
        <test-method status="PASS" signature="contactMandatoryFill()[pri:0, instance:automationScripts.ContactPageTestCase2@59494225]" name="contactMandatoryFill" duration-ms="6848" started-at="2022-08-01T00:45:11Z" finished-at="2022-08-01T00:45:18Z">
          <reporter-output>
          </reporter-output>
        </test-method> <!-- contactMandatoryFill -->
        <test-method status="PASS" signature="contactMandatoryFill()[pri:0, instance:automationScripts.ContactPageTestCase2@59494225]" name="contactMandatoryFill" duration-ms="7109" started-at="2022-08-01T00:45:18Z" finished-at="2022-08-01T00:45:25Z">
          <reporter-output>
          </reporter-output>
        </test-method> <!-- contactMandatoryFill -->
        <test-method status="PASS" signature="tearDown()[pri:0, instance:automationScripts.ContactPageTestCase2@59494225]" name="tearDown" is-config="true" duration-ms="81" started-at="2022-08-01T00:45:25Z" finished-at="2022-08-01T00:45:25Z">
          <reporter-output>
          </reporter-output>
        </test-method> <!-- tearDown -->
      </class> <!-- automationScripts.ContactPageTestCase2 -->
    </test> <!-- TestCase2 -->
    <test name="TestCase3" duration-ms="10046" started-at="2022-07-31T14:45:25Z" finished-at="2022-07-31T14:45:35Z">
      <class name="automationScripts.CartPageTestCase3">
        <test-method status="PASS" signature="setUp()[pri:0, instance:automationScripts.CartPageTestCase3@ff5b51f]" name="setUp" is-config="true" duration-ms="3220" started-at="2022-08-01T00:45:25Z" finished-at="2022-08-01T00:45:28Z">
          <reporter-output>
          </reporter-output>
        </test-method> <!-- setUp -->
        <test-method status="PASS" signature="objectCreate()[pri:0, instance:automationScripts.CartPageTestCase3@ff5b51f]" name="objectCreate" is-config="true" duration-ms="6" started-at="2022-08-01T00:45:28Z" finished-at="2022-08-01T00:45:28Z">
          <reporter-output>
          </reporter-output>
        </test-method> <!-- objectCreate -->
        <test-method status="PASS" signature="shoppingCart()[pri:0, instance:automationScripts.CartPageTestCase3@ff5b51f]" name="shoppingCart" duration-ms="6741" started-at="2022-08-01T00:45:28Z" finished-at="2022-08-01T00:45:35Z">
          <reporter-output>
          </reporter-output>
        </test-method> <!-- shoppingCart -->
        <test-method status="PASS" signature="tearDown()[pri:0, instance:automationScripts.CartPageTestCase3@ff5b51f]" name="tearDown" is-config="true" duration-ms="78" started-at="2022-08-01T00:45:35Z" finished-at="2022-08-01T00:45:35Z">
          <reporter-output>
          </reporter-output>
        </test-method> <!-- tearDown -->
      </class> <!-- automationScripts.CartPageTestCase3 -->
    </test> <!-- TestCase3 -->
  </suite> <!-- Suite -->
</testng-results>
